<?xml version="1.0" encoding="UTF-8"?>
<!-- Generated by org.testng.reporters.JUnitReportReporter -->
<testsuite hostname="DESKTOP-60T3NH2" failures="0" tests="1" name="RestAPI.Example.Setup" time="0.019" errors="0" timestamp="29 Dec 2021 21:15:37 GMT">
  <testcase classname="RestAPI.Example.Setup" name="SetupMethod" time="0.019"/>
</testsuite> <!-- RestAPI.Example.Setup -->
